<?xml version="1.0" encoding="UTF-8"?>
<!-- Generated by org.testng.reporters.JUnitReportReporter -->
<testsuite skipped="0" hostname="VENKAT" name="ddfDemos.DDFEbayProdCatSearchTest" tests="2" failures="0" timestamp="2021-01-11T18:23:52 IST" time="60.440" errors="0">
  <testcase name="ProdSearch" time="24.518" classname="ddfDemos.DDFEbayProdCatSearchTest"/>
  <testcase name="ProdSearch" time="35.922" classname="ddfDemos.DDFEbayProdCatSearchTest"/>
</testsuite> <!-- ddfDemos.DDFEbayProdCatSearchTest -->
