<?xml version="1.0" encoding="UTF-8"?>
<!-- Generated by org.testng.reporters.JUnitReportReporter -->
<testsuite skipped="0" hostname="VENKAT" name="ddfDemos.DDFEbayProdSearchTest" tests="2" failures="0" timestamp="2021-01-11T18:19:07 IST" time="79.191" errors="0">
  <testcase name="ProdSearch" time="45.241" classname="ddfDemos.DDFEbayProdSearchTest"/>
  <testcase name="ProdSearch" time="33.950" classname="ddfDemos.DDFEbayProdSearchTest"/>
</testsuite> <!-- ddfDemos.DDFEbayProdSearchTest -->
