<?xml version="1.0" encoding="UTF-8"?>
<!-- Generated by org.testng.reporters.JUnitReportReporter -->
<testsuite skipped="0" hostname="VENKAT" name="ddfDemos.DDFwithDB" tests="2" failures="0" timestamp="2021-02-01T18:33:40 IST" time="72.426" errors="0">
  <testcase name="CatSearch" time="25.813" classname="ddfDemos.DDFwithDB"/>
  <testcase name="CatSearch" time="46.613" classname="ddfDemos.DDFwithDB"/>
</testsuite> <!-- ddfDemos.DDFwithDB -->
