<?xml version="1.0" encoding="UTF-8"?>
<!-- Generated by org.testng.reporters.JUnitReportReporter -->
<testsuite skipped="0" hostname="VENKAT" name="pomTests.EbayProdCatSearchTest" tests="1" failures="0" timestamp="2021-01-06T18:28:29 IST" time="34.931" errors="0">
  <testcase name="CatSearch" time="34.931" classname="pomTests.EbayProdCatSearchTest"/>
</testsuite> <!-- pomTests.EbayProdCatSearchTest -->
