<?xml version="1.0" encoding="UTF-8"?>
<!-- Generated by org.testng.reporters.JUnitReportReporter -->
<testsuite skipped="0" hostname="VENKAT" name="pomTests.EbayProdSearchTest" tests="1" failures="0" timestamp="2021-01-06T18:24:35 IST" time="55.865" errors="0">
  <testcase name="ProdSearch" time="55.865" classname="pomTests.EbayProdSearchTest"/>
</testsuite> <!-- pomTests.EbayProdSearchTest -->
