<?xml version="1.0" encoding="UTF-8"?>
<!-- Generated by org.testng.reporters.JUnitReportReporter -->
<testsuite skipped="0" hostname="VENKAT" name="keywordDrivenFrameworkDemos.SampleTest" tests="1" failures="0" timestamp="2021-02-02T18:52:43 IST" time="51.569" errors="0">
  <testcase name="myTest" time="51.569" classname="keywordDrivenFrameworkDemos.SampleTest"/>
</testsuite> <!-- keywordDrivenFrameworkDemos.SampleTest -->
