<?xml version="1.0" encoding="UTF-8"?>
<!-- Generated by org.testng.reporters.JUnitReportReporter -->
<testsuite skipped="0" hostname="VENKAT" name="myDemos.MyTest" tests="1" failures="0" timestamp="2021-01-06T19:50:49 IST" time="31.399" errors="0">
  <testcase name="Search" time="31.399" classname="myDemos.MyTest"/>
</testsuite> <!-- myDemos.MyTest -->
