<?xml version="1.0" encoding="UTF-8"?>
<!-- Generated by org.testng.reporters.JUnitReportReporter -->
<testsuite skipped="0" hostname="VENKAT" name="pomTests.POMEbayProdCatSearchTest" tests="1" failures="0" timestamp="2021-01-06T18:56:21 IST" time="27.661" errors="0">
  <testcase name="CatSearch" time="27.661" classname="pomTests.POMEbayProdCatSearchTest"/>
</testsuite> <!-- pomTests.POMEbayProdCatSearchTest -->
