<?xml version="1.0" encoding="UTF-8"?>
<!-- Generated by org.testng.reporters.JUnitReportReporter -->
<testsuite skipped="0" hostname="VENKAT" name="hybridDemos.HybridProdCatSearchTest" tests="2" failures="0" timestamp="2021-01-11T18:34:26 IST" time="58.047" errors="0">
  <testcase name="CatSearch" time="24.281" classname="hybridDemos.HybridProdCatSearchTest"/>
  <testcase name="CatSearch" time="33.766" classname="hybridDemos.HybridProdCatSearchTest"/>
</testsuite> <!-- hybridDemos.HybridProdCatSearchTest -->
