<?xml version="1.0" encoding="UTF-8"?>
<!-- Generated by org.testng.reporters.JUnitReportReporter -->
<testsuite skipped="0" hostname="VENKAT" name="myDemos.MyTest" tests="1" failures="0" timestamp="2021-02-05T18:48:00 IST" time="62.356" errors="0">
  <testcase name="Search" time="62.356" classname="myDemos.MyTest"/>
</testsuite> <!-- myDemos.MyTest -->
